#
# A fatal error has been detected by the Java Runtime Environment:
#
#  Internal Error (safepoint.cpp:310), pid=50552, tid=13315
#  guarantee(PageArmed == 0) failed: invariant
#
# JRE version: Java(TM) SE Runtime Environment (8.0_77-b03) (build 1.8.0_77-b03)
# Java VM: Java HotSpot(TM) 64-Bit Server VM (25.77-b03 mixed mode bsd-amd64 compressed oops)
# Failed to write core dump. Core dumps have been disabled. To enable core dumping, try "ulimit -c unlimited" before starting Java again
#
# If you would like to submit a bug report, please visit:
#   http://bugreport.java.com/bugreport/crash.jsp
#

---------------  T H R E A D  ---------------

Current thread (0x00007fec17821800):  VMThread [stack: 0x0000700000a35000,0x0000700000b35000] [id=13315]

Stack: [0x0000700000a35000,0x0000700000b35000],  sp=0x0000700000b34910,  free space=1022k
Native frames: (J=compiled Java code, j=interpreted, Vv=VM code, C=native code)
V  [libjvm.dylib+0x5a6046]  VMError::report_and_die()+0x3f8
V  [libjvm.dylib+0x1e59b3]  report_vm_error(char const*, int, char const*, char const*)+0x54
V  [libjvm.dylib+0x4d9778]  SafepointSynchronize::begin()+0x2be
V  [libjvm.dylib+0x5ac5d9]  VMThread::loop()+0x319
V  [libjvm.dylib+0x5abf07]  VMThread::run()+0x79
V  [libjvm.dylib+0x482eda]  java_start(Thread*)+0xf6
C  [libsystem_pthread.dylib+0x399d]  _pthread_body+0x83
C  [libsystem_pthread.dylib+0x391a]  _pthread_body+0x0
C  [libsystem_pthread.dylib+0x1351]  thread_start+0xd

VM_Operation (0x0000700001e7b3c8): Exit, mode: safepoint, requested by thread 0x00007fec1586c000


---------------  P R O C E S S  ---------------

Java Threads: ( => current thread )
  0x00007fec158b2800 JavaThread "DestroyJavaVM" [_thread_blocked, id=5891, stack(0x000070000011a000,0x000070000021a000)]
  0x00007fec169d1800 JavaThread "Animation Thread" [_thread_in_Java, id=64795, stack(0x0000700001e80000,0x0000700001f80000)]
  0x00007fec1586c000 JavaThread "AWT-EventQueue-0" [_thread_blocked, id=58907, stack(0x0000700001d7d000,0x0000700001e7d000)]
  0x00007fec15822000 JavaThread "Java2D Disposer" daemon [_thread_blocked, id=57863, stack(0x0000700001af4000,0x0000700001bf4000)]
  0x00007fec15821000 JavaThread "Java2D Queue Flusher" daemon [_thread_blocked, id=54023, stack(0x00007000019f1000,0x0000700001af1000)]
  0x00007fec178bc800 JavaThread "AWT-Shutdown" [_thread_blocked, id=32019, stack(0x000070000165f000,0x000070000175f000)]
  0x00007fec14887800 JavaThread "AppKit Thread" daemon [_thread_in_native, id=2571, stack(0x00007fff56567000,0x00007fff56d67000)]
  0x00007fec1783a800 JavaThread "Service Thread" daemon [_thread_blocked, id=21507, stack(0x00007000013d6000,0x00007000014d6000)]
  0x00007fec14800000 JavaThread "C1 CompilerThread3" daemon [_thread_blocked, id=20995, stack(0x00007000012d3000,0x00007000013d3000)]
  0x00007fec1401c000 JavaThread "C2 CompilerThread2" daemon [_thread_blocked, id=20483, stack(0x00007000011d0000,0x00007000012d0000)]
  0x00007fec1400b000 JavaThread "C2 CompilerThread1" daemon [_thread_blocked, id=19971, stack(0x00007000010cd000,0x00007000011cd000)]
  0x00007fec1400a800 JavaThread "C2 CompilerThread0" daemon [_thread_blocked, id=19459, stack(0x0000700000fca000,0x00007000010ca000)]
  0x00007fec14007000 JavaThread "Signal Dispatcher" daemon [_thread_blocked, id=18707, stack(0x0000700000ec7000,0x0000700000fc7000)]
  0x00007fec14806800 JavaThread "Finalizer" daemon [_thread_blocked, id=14339, stack(0x0000700000c3b000,0x0000700000d3b000)]
  0x00007fec17824000 JavaThread "Reference Handler" daemon [_thread_blocked, id=13827, stack(0x0000700000b38000,0x0000700000c38000)]

Other Threads:
=>0x00007fec17821800 VMThread [stack: 0x0000700000a35000,0x0000700000b35000] [id=13315]

VM state:synchronizing (normal execution)

VM Mutex/Monitor currently owned by a thread:  ([mutex/lock_event])
[0x00007fec13c04ff0] Safepoint_lock - owner thread: 0x00007fec17821800
[0x00007fec13c05070] Threads_lock - owner thread: 0x00007fec17821800

Heap:
 PSYoungGen      total 71680K, used 63026K [0x0000000795580000, 0x000000079a080000, 0x00000007c0000000)
  eden space 66560K, 87% used [0x0000000795580000,0x0000000798e0d860,0x0000000799680000)
  from space 5120K, 99% used [0x0000000799b80000,0x000000079a07f1f8,0x000000079a080000)
  to   space 5120K, 0% used [0x0000000799680000,0x0000000799680000,0x0000000799b80000)
 ParOldGen       total 87552K, used 56660K [0x0000000740000000, 0x0000000745580000, 0x0000000795580000)
  object space 87552K, 64% used [0x0000000740000000,0x0000000743755268,0x0000000745580000)
 Metaspace       used 10036K, capacity 10214K, committed 10496K, reserved 1058816K
  class space    used 1157K, capacity 1247K, committed 1280K, reserved 1048576K

Card table byte_map: [0x000000011a54f000,0x000000011a950000] byte_map_base: 0x0000000116b4f000

Marking Bits: (ParMarkBitMap*) 0x000000010aae3ea0
 Begin Bits: [0x000000011abfb000, 0x000000011cbfb000)
 End Bits:   [0x000000011cbfb000, 0x000000011ebfb000)

Polling page: 0x000000010915c000

CodeCache: size=245760Kb used=3061Kb max_used=3069Kb free=242698Kb
 bounds [0x000000010b18f000, 0x000000010b49f000, 0x000000011a18f000]
 total_blobs=1205 nmethods=714 adapters=405
 compilation: enabled

Compilation events (10 events):
Event: 482.757 Thread 0x00007fec1400a800  709       4       java.util.concurrent.locks.ReentrantLock$Sync::nonfairTryAcquire (67 bytes)
Event: 482.759 Thread 0x00007fec1400a800 nmethod 709 0x000000010b48cb10 code [0x000000010b48cc60, 0x000000010b48cd38]
Event: 552.382 Thread 0x00007fec1400b000  710       4       sun.java2d.pipe.RenderQueue::unlock (4 bytes)
Event: 552.388 Thread 0x00007fec1400b000 nmethod 710 0x000000010b48c550 code [0x000000010b48c6c0, 0x000000010b48c8a8]
Event: 557.711 Thread 0x00007fec1401c000  711       4       sun.java2d.pipe.RenderQueue::tryLock (4 bytes)
Event: 557.713 Thread 0x00007fec1401c000 nmethod 711 0x000000010b48c1d0 code [0x000000010b48c320, 0x000000010b48c418]
Event: 4470.162 Thread 0x00007fec14800000  712       3       java.lang.Math::max (11 bytes)
Event: 4470.163 Thread 0x00007fec14800000 nmethod 712 0x000000010b48be50 code [0x000000010b48bfc0, 0x000000010b48c150]
Event: 5059.021 Thread 0x00007fec14800000  715       1       sun.java2d.SurfaceData::isValid (5 bytes)
Event: 5059.021 Thread 0x00007fec14800000 nmethod 715 0x000000010b48b7d0 code [0x000000010b48b920, 0x000000010b48ba30]

GC Heap History (4 events):
Event: 1.541 GC heap before
{Heap before GC invocations=1 (full 0):
 PSYoungGen      total 38400K, used 33280K [0x0000000795580000, 0x0000000798000000, 0x00000007c0000000)
  eden space 33280K, 100% used [0x0000000795580000,0x0000000797600000,0x0000000797600000)
  from space 5120K, 0% used [0x0000000797b00000,0x0000000797b00000,0x0000000798000000)
  to   space 5120K, 0% used [0x0000000797600000,0x0000000797600000,0x0000000797b00000)
 ParOldGen       total 87552K, used 0K [0x0000000740000000, 0x0000000745580000, 0x0000000795580000)
  object space 87552K, 0% used [0x0000000740000000,0x0000000740000000,0x0000000745580000)
 Metaspace       used 9622K, capacity 9794K, committed 9984K, reserved 1058816K
  class space    used 1126K, capacity 1215K, committed 1280K, reserved 1048576K
Event: 1.563 GC heap after
Heap after GC invocations=1 (full 0):
 PSYoungGen      total 38400K, used 5116K [0x0000000795580000, 0x000000079a080000, 0x00000007c0000000)
  eden space 33280K, 0% used [0x0000000795580000,0x0000000795580000,0x0000000797600000)
  from space 5120K, 99% used [0x0000000797600000,0x0000000797aff218,0x0000000797b00000)
  to   space 5120K, 0% used [0x0000000799b80000,0x0000000799b80000,0x000000079a080000)
 ParOldGen       total 87552K, used 27207K [0x0000000740000000, 0x0000000745580000, 0x0000000795580000)
  object space 87552K, 31% used [0x0000000740000000,0x0000000741a91d08,0x0000000745580000)
 Metaspace       used 9622K, capacity 9794K, committed 9984K, reserved 1058816K
  class space    used 1126K, capacity 1215K, committed 1280K, reserved 1048576K
}
Event: 1.895 GC heap before
{Heap before GC invocations=2 (full 0):
 PSYoungGen      total 38400K, used 33235K [0x0000000795580000, 0x000000079a080000, 0x00000007c0000000)
  eden space 33280K, 84% used [0x0000000795580000,0x00000007970f5a70,0x0000000797600000)
  from space 5120K, 99% used [0x0000000797600000,0x0000000797aff218,0x0000000797b00000)
  to   space 5120K, 0% used [0x0000000799b80000,0x0000000799b80000,0x000000079a080000)
 ParOldGen       total 87552K, used 27207K [0x0000000740000000, 0x0000000745580000, 0x0000000795580000)
  object space 87552K, 31% used [0x0000000740000000,0x0000000741a91d08,0x0000000745580000)
 Metaspace       used 9641K, capacity 9858K, committed 9984K, reserved 1058816K
  class space    used 1126K, capacity 1215K, committed 1280K, reserved 1048576K
Event: 1.916 GC heap after
Heap after GC invocations=2 (full 0):
 PSYoungGen      total 71680K, used 5116K [0x0000000795580000, 0x000000079a080000, 0x00000007c0000000)
  eden space 66560K, 0% used [0x0000000795580000,0x0000000795580000,0x0000000799680000)
  from space 5120K, 99% used [0x0000000799b80000,0x000000079a07f1f8,0x000000079a080000)
  to   space 5120K, 0% used [0x0000000799680000,0x0000000799680000,0x0000000799b80000)
 ParOldGen       total 87552K, used 56660K [0x0000000740000000, 0x0000000745580000, 0x0000000795580000)
  object space 87552K, 64% used [0x0000000740000000,0x0000000743755268,0x0000000745580000)
 Metaspace       used 9641K, capacity 9858K, committed 9984K, reserved 1058816K
  class space    used 1126K, capacity 1215K, committed 1280K, reserved 1048576K
}

Deoptimization events (3 events):
Event: 1.407 Thread 0x00007fec169d1800 Uncommon trap: reason=unstable_if action=reinterpret pc=0x000000010b38d27c method=processing.core.PApplet.loadBytes(Ljava/io/InputStream;)[B @ 37
Event: 2.392 Thread 0x00007fec169d1800 Uncommon trap: reason=unstable_if action=reinterpret pc=0x000000010b3cc6cc method=HelloWorlds.scramble([I)V @ 60
Event: 2.434 Thread 0x00007fec169d1800 Uncommon trap: reason=unstable_if action=reinterpret pc=0x000000010b3cd6ec method=HelloWorlds.scramble([I)V @ 60

Internal exceptions (10 events):
Event: 0.222 Thread 0x00007fec16802000 Exception <a 'java/security/PrivilegedActionException'> (0x0000000795736508) thrown at [/Users/java_re/workspace/8-2-build-macosx-x86_64/jdk8u77/6540/hotspot/src/share/vm/prims/jvm.cpp, line 1386]
Event: 0.316 Thread 0x00007fec16802000 Exception <a 'java/lang/NoSuchFieldError': method resolution failed> (0x0000000795803b70) thrown at [/Users/java_re/workspace/8-2-build-macosx-x86_64/jdk8u77/6540/hotspot/src/share/vm/prims/methodHandles.cpp, line 1146]
Event: 0.321 Thread 0x00007fec16802000 Exception <a 'java/lang/NoSuchFieldError': method resolution failed> (0x00000007958112c0) thrown at [/Users/java_re/workspace/8-2-build-macosx-x86_64/jdk8u77/6540/hotspot/src/share/vm/prims/methodHandles.cpp, line 1146]
Event: 0.590 Thread 0x00007fec16802000 Exception <a 'java/io/FileNotFoundException'> (0x000000079588c430) thrown at [/Users/java_re/workspace/8-2-build-macosx-x86_64/jdk8u77/6540/hotspot/src/share/vm/prims/jni.cpp, line 709]
Event: 0.590 Thread 0x00007fec16802000 Exception <a 'java/io/FileNotFoundException'> (0x000000079588cf80) thrown at [/Users/java_re/workspace/8-2-build-macosx-x86_64/jdk8u77/6540/hotspot/src/share/vm/prims/jni.cpp, line 709]
Event: 1.243 Thread 0x00007fec169d1800 Exception <a 'java/io/FileNotFoundException'> (0x000000079606a5a0) thrown at [/Users/java_re/workspace/8-2-build-macosx-x86_64/jdk8u77/6540/hotspot/src/share/vm/prims/jni.cpp, line 709]
Event: 1.322 Thread 0x00007fec169d1800 Exception <a 'java/io/FileNotFoundException'> (0x00000007960fa208) thrown at [/Users/java_re/workspace/8-2-build-macosx-x86_64/jdk8u77/6540/hotspot/src/share/vm/prims/jni.cpp, line 709]
Event: 1.566 Thread 0x00007fec14806800 Exception <a 'java/lang/NullPointerException'> (0x00000007956faac8) thrown at [/Users/java_re/workspace/8-2-build-macosx-x86_64/jdk8u77/6540/hotspot/src/share/vm/interpreter/linkResolver.cpp, line 1178]
Event: 1.744 Thread 0x00007fec169d1800 Exception <a 'java/io/FileNotFoundException'> (0x0000000795e514a8) thrown at [/Users/java_re/workspace/8-2-build-macosx-x86_64/jdk8u77/6540/hotspot/src/share/vm/prims/jni.cpp, line 709]
Event: 2.023 Thread 0x00007fec169d1800 Exception <a 'java/io/FileNotFoundException'> (0x0000000795d0fe20) thrown at [/Users/java_re/workspace/8-2-build-macosx-x86_64/jdk8u77/6540/hotspot/src/share/vm/prims/jni.cpp, line 709]

Events (10 events):
Event: 4470.162 loading class java/util/IdentityHashMap$Values done
Event: 4470.162 loading class java/util/IdentityHashMap$ValueIterator
Event: 4470.162 loading class java/util/IdentityHashMap$ValueIterator done
Event: 4470.163 loading class javax/swing/RepaintManager$DisplayChangedRunnable
Event: 4470.163 loading class javax/swing/RepaintManager$DisplayChangedRunnable done
Event: 6836.664 loading class java/lang/Shutdown
Event: 6836.665 loading class java/lang/Shutdown done
Event: 6836.665 loading class java/lang/Shutdown$Lock
Event: 6836.665 loading class java/lang/Shutdown$Lock done
Event: 6836.665 Executing VM operation: Exit


Dynamic libraries:
0x0000000007d60000 	/System/Library/Frameworks/Cocoa.framework/Versions/A/Cocoa
0x0000000007d60000 	/System/Library/Frameworks/Security.framework/Versions/A/Security
0x0000000007d60000 	/System/Library/Frameworks/ApplicationServices.framework/Versions/A/ApplicationServices
0x0000000007d60000 	/usr/lib/libz.1.dylib
0x0000000007d60000 	/usr/lib/libSystem.B.dylib
0x0000000007d60000 	/usr/lib/libobjc.A.dylib
0x0000000007d60000 	/System/Library/Frameworks/CoreFoundation.framework/Versions/A/CoreFoundation
0x0000000007d60000 	/System/Library/Frameworks/Foundation.framework/Versions/C/Foundation
0x0000000007d60000 	/System/Library/Frameworks/AppKit.framework/Versions/C/AppKit
0x0000000007d60000 	/System/Library/Frameworks/CoreData.framework/Versions/A/CoreData
0x0000000007d60000 	/System/Library/PrivateFrameworks/RemoteViewServices.framework/Versions/A/RemoteViewServices
0x0000000007d60000 	/System/Library/PrivateFrameworks/UIFoundation.framework/Versions/A/UIFoundation
0x0000000007d60000 	/usr/lib/libScreenReader.dylib
0x0000000007d60000 	/System/Library/Frameworks/Accelerate.framework/Versions/A/Accelerate
0x0000000007d60000 	/System/Library/Frameworks/IOSurface.framework/Versions/A/IOSurface
0x0000000007d60000 	/System/Library/Frameworks/AudioToolbox.framework/Versions/A/AudioToolbox
0x0000000007d60000 	/System/Library/Frameworks/AudioUnit.framework/Versions/A/AudioUnit
0x0000000007d60000 	/System/Library/PrivateFrameworks/DataDetectorsCore.framework/Versions/A/DataDetectorsCore
0x0000000007d60000 	/System/Library/PrivateFrameworks/DesktopServicesPriv.framework/Versions/A/DesktopServicesPriv
0x0000000007d60000 	/System/Library/Frameworks/Carbon.framework/Versions/A/Frameworks/HIToolbox.framework/Versions/A/HIToolbox
0x0000000007d60000 	/System/Library/Frameworks/QuartzCore.framework/Versions/A/QuartzCore
0x0000000007d60000 	/System/Library/Frameworks/Carbon.framework/Versions/A/Frameworks/SpeechRecognition.framework/Versions/A/SpeechRecognition
0x0000000007d60000 	/usr/lib/libauto.dylib
0x0000000007d60000 	/usr/lib/libicucore.A.dylib
0x0000000007d60000 	/usr/lib/libxml2.2.dylib
0x0000000007d60000 	/System/Library/PrivateFrameworks/CoreUI.framework/Versions/A/CoreUI
0x0000000007d60000 	/System/Library/Frameworks/CoreAudio.framework/Versions/A/CoreAudio
0x0000000007d60000 	/System/Library/Frameworks/DiskArbitration.framework/Versions/A/DiskArbitration
0x0000000007d60000 	/usr/lib/liblangid.dylib
0x0000000007d60000 	/System/Library/PrivateFrameworks/MultitouchSupport.framework/Versions/A/MultitouchSupport
0x0000000007d60000 	/System/Library/Frameworks/IOKit.framework/Versions/A/IOKit
0x0000000007d60000 	/usr/lib/libDiagnosticMessagesClient.dylib
0x0000000007d60000 	/System/Library/Frameworks/CoreServices.framework/Versions/A/CoreServices
0x0000000007d60000 	/System/Library/PrivateFrameworks/PerformanceAnalysis.framework/Versions/A/PerformanceAnalysis
0x0000000007d60000 	/System/Library/PrivateFrameworks/GenerationalStorage.framework/Versions/A/GenerationalStorage
0x0000000007d60000 	/System/Library/Frameworks/OpenGL.framework/Versions/A/OpenGL
0x0000000007d60000 	/System/Library/PrivateFrameworks/Sharing.framework/Versions/A/Sharing
0x0000000007d60000 	/System/Library/Frameworks/CoreGraphics.framework/Versions/A/CoreGraphics
0x0000000007d60000 	/System/Library/Frameworks/CoreImage.framework/Versions/A/CoreImage
0x0000000007d60000 	/System/Library/Frameworks/CoreText.framework/Versions/A/CoreText
0x0000000007d60000 	/System/Library/Frameworks/ImageIO.framework/Versions/A/ImageIO
0x0000000007d60000 	/System/Library/PrivateFrameworks/Backup.framework/Versions/A/Backup
0x0000000007d60000 	/usr/lib/libextension.dylib
0x0000000007d60000 	/usr/lib/libarchive.2.dylib
0x0000000007d60000 	/System/Library/Frameworks/CFNetwork.framework/Versions/A/CFNetwork
0x0000000007d60000 	/System/Library/Frameworks/SystemConfiguration.framework/Versions/A/SystemConfiguration
0x0000000007d60000 	/usr/lib/libCRFSuite.dylib
0x0000000007d60000 	/usr/lib/libc++.1.dylib
0x0000000007d60000 	/usr/lib/libc++abi.dylib
0x0000000007d60000 	/usr/lib/system/libcache.dylib
0x0000000007d60000 	/usr/lib/system/libcommonCrypto.dylib
0x0000000007d60000 	/usr/lib/system/libcompiler_rt.dylib
0x0000000007d60000 	/usr/lib/system/libcopyfile.dylib
0x0000000007d60000 	/usr/lib/system/libcorecrypto.dylib
0x0000000007d60000 	/usr/lib/system/libdispatch.dylib
0x0000000007d60000 	/usr/lib/system/libdyld.dylib
0x0000000007d60000 	/usr/lib/system/libkeymgr.dylib
0x0000000007d60000 	/usr/lib/system/liblaunch.dylib
0x0000000007d60000 	/usr/lib/system/libmacho.dylib
0x0000000007d60000 	/usr/lib/system/libquarantine.dylib
0x0000000007d60000 	/usr/lib/system/libremovefile.dylib
0x0000000007d60000 	/usr/lib/system/libsystem_asl.dylib
0x0000000007d60000 	/usr/lib/system/libsystem_blocks.dylib
0x0000000007d60000 	/usr/lib/system/libsystem_c.dylib
0x0000000007d60000 	/usr/lib/system/libsystem_configuration.dylib
0x0000000007d60000 	/usr/lib/system/libsystem_coreservices.dylib
0x0000000007d60000 	/usr/lib/system/libsystem_coretls.dylib
0x0000000007d60000 	/usr/lib/system/libsystem_dnssd.dylib
0x0000000007d60000 	/usr/lib/system/libsystem_info.dylib
0x0000000007d60000 	/usr/lib/system/libsystem_kernel.dylib
0x0000000007d60000 	/usr/lib/system/libsystem_m.dylib
0x0000000007d60000 	/usr/lib/system/libsystem_malloc.dylib
0x0000000007d60000 	/usr/lib/system/libsystem_network.dylib
0x0000000007d60000 	/usr/lib/system/libsystem_networkextension.dylib
0x0000000007d60000 	/usr/lib/system/libsystem_notify.dylib
0x0000000007d60000 	/usr/lib/system/libsystem_platform.dylib
0x0000000007d60000 	/usr/lib/system/libsystem_pthread.dylib
0x0000000007d60000 	/usr/lib/system/libsystem_sandbox.dylib
0x0000000007d60000 	/usr/lib/system/libsystem_secinit.dylib
0x0000000007d60000 	/usr/lib/system/libsystem_trace.dylib
0x0000000007d60000 	/usr/lib/system/libunc.dylib
0x0000000007d60000 	/usr/lib/system/libunwind.dylib
0x0000000007d60000 	/usr/lib/system/libxpc.dylib
0x0000000007d60000 	/usr/lib/libenergytrace.dylib
0x0000000007d60000 	/usr/lib/libbsm.0.dylib
0x0000000007d60000 	/usr/lib/system/libkxld.dylib
0x0000000007d60000 	/usr/lib/libxar.1.dylib
0x0000000007d60000 	/usr/lib/libsqlite3.dylib
0x0000000007d60000 	/usr/lib/libpam.2.dylib
0x0000000007d60000 	/usr/lib/libOpenScriptingUtil.dylib
0x0000000007d60000 	/usr/lib/libbz2.1.0.dylib
0x0000000007d60000 	/usr/lib/liblzma.5.dylib
0x0000000007d60000 	/System/Library/Frameworks/CoreServices.framework/Versions/A/Frameworks/FSEvents.framework/Versions/A/FSEvents
0x0000000007d60000 	/System/Library/Frameworks/CoreServices.framework/Versions/A/Frameworks/CarbonCore.framework/Versions/A/CarbonCore
0x0000000007d60000 	/System/Library/Frameworks/CoreServices.framework/Versions/A/Frameworks/Metadata.framework/Versions/A/Metadata
0x0000000007d60000 	/System/Library/Frameworks/CoreServices.framework/Versions/A/Frameworks/OSServices.framework/Versions/A/OSServices
0x0000000007d60000 	/System/Library/Frameworks/CoreServices.framework/Versions/A/Frameworks/SearchKit.framework/Versions/A/SearchKit
0x0000000007d60000 	/System/Library/Frameworks/CoreServices.framework/Versions/A/Frameworks/AE.framework/Versions/A/AE
0x0000000007d60000 	/System/Library/Frameworks/CoreServices.framework/Versions/A/Frameworks/LaunchServices.framework/Versions/A/LaunchServices
0x0000000007d60000 	/System/Library/Frameworks/CoreServices.framework/Versions/A/Frameworks/DictionaryServices.framework/Versions/A/DictionaryServices
0x0000000007d60000 	/System/Library/Frameworks/CoreServices.framework/Versions/A/Frameworks/SharedFileList.framework/Versions/A/SharedFileList
0x0000000007d60000 	/System/Library/Frameworks/NetFS.framework/Versions/A/NetFS
0x0000000007d60000 	/System/Library/PrivateFrameworks/NetAuth.framework/Versions/A/NetAuth
0x0000000007d60000 	/System/Library/PrivateFrameworks/login.framework/Versions/A/Frameworks/loginsupport.framework/Versions/A/loginsupport
0x0000000007d60000 	/System/Library/PrivateFrameworks/TCC.framework/Versions/A/TCC
0x0000000007d60000 	/usr/lib/libmecabra.dylib
0x0000000007d60000 	/System/Library/Frameworks/ApplicationServices.framework/Versions/A/Frameworks/ATS.framework/Versions/A/ATS
0x0000000007d60000 	/System/Library/Frameworks/ApplicationServices.framework/Versions/A/Frameworks/ColorSync.framework/Versions/A/ColorSync
0x0000000007d60000 	/System/Library/Frameworks/ApplicationServices.framework/Versions/A/Frameworks/HIServices.framework/Versions/A/HIServices
0x0000000007d60000 	/System/Library/Frameworks/ApplicationServices.framework/Versions/A/Frameworks/LangAnalysis.framework/Versions/A/LangAnalysis
0x0000000007d60000 	/System/Library/Frameworks/ApplicationServices.framework/Versions/A/Frameworks/PrintCore.framework/Versions/A/PrintCore
0x0000000007d60000 	/System/Library/Frameworks/ApplicationServices.framework/Versions/A/Frameworks/QD.framework/Versions/A/QD
0x0000000007d60000 	/System/Library/Frameworks/ApplicationServices.framework/Versions/A/Frameworks/SpeechSynthesis.framework/Versions/A/SpeechSynthesis
0x0000000007d60000 	/System/Library/Frameworks/Metal.framework/Versions/A/Metal
0x0000000007d60000 	/System/Library/Frameworks/Accelerate.framework/Versions/A/Frameworks/vImage.framework/Versions/A/vImage
0x0000000007d60000 	/System/Library/Frameworks/Accelerate.framework/Versions/A/Frameworks/vecLib.framework/Versions/A/vecLib
0x0000000007d60000 	/System/Library/Frameworks/Accelerate.framework/Versions/A/Frameworks/vecLib.framework/Versions/A/libvDSP.dylib
0x0000000007d60000 	/System/Library/Frameworks/Accelerate.framework/Versions/A/Frameworks/vecLib.framework/Versions/A/libvMisc.dylib
0x0000000007d60000 	/System/Library/Frameworks/Accelerate.framework/Versions/A/Frameworks/vecLib.framework/Versions/A/libLAPACK.dylib
0x0000000007d60000 	/System/Library/Frameworks/Accelerate.framework/Versions/A/Frameworks/vecLib.framework/Versions/A/libBLAS.dylib
0x0000000007d60000 	/System/Library/Frameworks/Accelerate.framework/Versions/A/Frameworks/vecLib.framework/Versions/A/libLinearAlgebra.dylib
0x0000000007d60000 	/System/Library/Frameworks/Accelerate.framework/Versions/A/Frameworks/vecLib.framework/Versions/A/libSparseBLAS.dylib
0x0000000007d60000 	/System/Library/PrivateFrameworks/GPUCompiler.framework/libmetal_timestamp.dylib
0x0000000007d60000 	/System/Library/Frameworks/OpenGL.framework/Versions/A/Libraries/libCoreFSCache.dylib
0x0000000007d60000 	/System/Library/PrivateFrameworks/IOAccelerator.framework/Versions/A/IOAccelerator
0x0000000007d60000 	/System/Library/Frameworks/ApplicationServices.framework/Versions/A/Frameworks/ATS.framework/Versions/A/Resources/libFontParser.dylib
0x0000000007d60000 	/System/Library/Frameworks/ApplicationServices.framework/Versions/A/Frameworks/ATS.framework/Versions/A/Resources/libFontRegistry.dylib
0x0000000007d60000 	/System/Library/PrivateFrameworks/AppleVPA.framework/Versions/A/AppleVPA
0x0000000007d60000 	/System/Library/PrivateFrameworks/AppleJPEG.framework/Versions/A/AppleJPEG
0x0000000007d60000 	/System/Library/Frameworks/ImageIO.framework/Versions/A/Resources/libJPEG.dylib
0x0000000007d60000 	/System/Library/Frameworks/ImageIO.framework/Versions/A/Resources/libTIFF.dylib
0x0000000007d60000 	/System/Library/Frameworks/ImageIO.framework/Versions/A/Resources/libPng.dylib
0x0000000007d60000 	/System/Library/Frameworks/ImageIO.framework/Versions/A/Resources/libGIF.dylib
0x0000000007d60000 	/System/Library/Frameworks/ImageIO.framework/Versions/A/Resources/libJP2.dylib
0x0000000007d60000 	/System/Library/Frameworks/ImageIO.framework/Versions/A/Resources/libRadiance.dylib
0x0000000007d60000 	/System/Library/Frameworks/CoreVideo.framework/Versions/A/CoreVideo
0x0000000007d60000 	/System/Library/Frameworks/OpenGL.framework/Versions/A/Libraries/libGLU.dylib
0x0000000007d60000 	/System/Library/Frameworks/OpenGL.framework/Versions/A/Libraries/libGFXShared.dylib
0x0000000007d60000 	/System/Library/Frameworks/OpenGL.framework/Versions/A/Libraries/libGL.dylib
0x0000000007d60000 	/System/Library/Frameworks/OpenGL.framework/Versions/A/Libraries/libGLImage.dylib
0x0000000007d60000 	/System/Library/Frameworks/OpenGL.framework/Versions/A/Libraries/libCVMSPluginSupport.dylib
0x0000000007d60000 	/System/Library/Frameworks/OpenGL.framework/Versions/A/Libraries/libCoreVMClient.dylib
0x0000000007d60000 	/usr/lib/libcompression.dylib
0x0000000007d60000 	/usr/lib/libcups.2.dylib
0x0000000007d60000 	/System/Library/Frameworks/Kerberos.framework/Versions/A/Kerberos
0x0000000007d60000 	/System/Library/Frameworks/GSS.framework/Versions/A/GSS
0x0000000007d60000 	/usr/lib/libresolv.9.dylib
0x0000000007d60000 	/usr/lib/libiconv.2.dylib
0x0000000007d60000 	/System/Library/PrivateFrameworks/Heimdal.framework/Versions/A/Heimdal
0x0000000007d60000 	/usr/lib/libheimdal-asn1.dylib
0x0000000007d60000 	/System/Library/Frameworks/OpenDirectory.framework/Versions/A/OpenDirectory
0x0000000007d60000 	/System/Library/PrivateFrameworks/CommonAuth.framework/Versions/A/CommonAuth
0x0000000007d60000 	/System/Library/Frameworks/OpenDirectory.framework/Versions/A/Frameworks/CFOpenDirectory.framework/Versions/A/CFOpenDirectory
0x0000000007d60000 	/System/Library/Frameworks/SecurityFoundation.framework/Versions/A/SecurityFoundation
0x0000000007d60000 	/System/Library/PrivateFrameworks/LanguageModeling.framework/Versions/A/LanguageModeling
0x0000000007d60000 	/usr/lib/libmarisa.dylib
0x0000000007d60000 	/usr/lib/libChineseTokenizer.dylib
0x0000000007d60000 	/usr/lib/libcmph.dylib
0x0000000007d60000 	/System/Library/Frameworks/ServiceManagement.framework/Versions/A/ServiceManagement
0x0000000007d60000 	/usr/lib/libxslt.1.dylib
0x0000000007d60000 	/System/Library/Frameworks/Carbon.framework/Versions/A/Frameworks/Ink.framework/Versions/A/Ink
0x0000000007d60000 	/usr/lib/libFosl_dynamic.dylib
0x0000000007d60000 	/System/Library/PrivateFrameworks/FaceCore.framework/Versions/A/FaceCore
0x0000000007d60000 	/System/Library/Frameworks/OpenCL.framework/Versions/A/OpenCL
0x0000000007d60000 	/System/Library/PrivateFrameworks/CrashReporterSupport.framework/Versions/A/CrashReporterSupport
0x0000000007d60000 	/System/Library/PrivateFrameworks/IconServices.framework/Versions/A/IconServices
0x0000000007d60000 	/System/Library/PrivateFrameworks/Apple80211.framework/Versions/A/Apple80211
0x0000000007d60000 	/System/Library/Frameworks/CoreWLAN.framework/Versions/A/CoreWLAN
0x0000000007d60000 	/System/Library/Frameworks/IOBluetooth.framework/Versions/A/IOBluetooth
0x0000000007d60000 	/System/Library/PrivateFrameworks/CoreWiFi.framework/Versions/A/CoreWiFi
0x0000000007d60000 	/System/Library/Frameworks/CoreBluetooth.framework/Versions/A/CoreBluetooth
0x0000000007d60000 	/System/Library/PrivateFrameworks/ChunkingLibrary.framework/Versions/A/ChunkingLibrary
0x0000000007d60000 	/System/Library/PrivateFrameworks/DebugSymbols.framework/Versions/A/DebugSymbols
0x0000000007d60000 	/System/Library/PrivateFrameworks/CoreSymbolication.framework/Versions/A/CoreSymbolication
0x0000000007d60000 	/System/Library/PrivateFrameworks/Symbolication.framework/Versions/A/Symbolication
0x0000000007d60000 	/System/Library/PrivateFrameworks/SpeechRecognitionCore.framework/Versions/A/SpeechRecognitionCore
0x000000010a200000 	/Library/Java/JavaVirtualMachines/jdk1.8.0_77.jdk/Contents/Home/jre/lib/server/libjvm.dylib
0x0000000007d60000 	/usr/lib/libstdc++.6.dylib
0x0000000109119000 	/Library/Java/JavaVirtualMachines/jdk1.8.0_77.jdk/Contents/Home/jre/lib/libverify.dylib
0x0000000109127000 	/Library/Java/JavaVirtualMachines/jdk1.8.0_77.jdk/Contents/Home/jre/lib/libjava.dylib
0x0000000109166000 	/Library/Java/JavaVirtualMachines/jdk1.8.0_77.jdk/Contents/Home/jre/lib/libzip.dylib
0x00000001216e1000 	/System/Library/Frameworks/JavaVM.framework/Frameworks/JavaRuntimeSupport.framework/JavaRuntimeSupport
0x00000001216fc000 	/System/Library/Frameworks/JavaVM.framework/Versions/A/Frameworks/JavaNativeFoundation.framework/Versions/A/JavaNativeFoundation
0x0000000121711000 	/System/Library/Frameworks/JavaVM.framework/Versions/A/JavaVM
0x0000000007d60000 	/System/Library/Frameworks/Carbon.framework/Versions/A/Carbon
0x000000012171e000 	/System/Library/PrivateFrameworks/JavaLaunching.framework/Versions/A/JavaLaunching
0x0000000007d60000 	/System/Library/Frameworks/Carbon.framework/Versions/A/Frameworks/CommonPanels.framework/Versions/A/CommonPanels
0x0000000007d60000 	/System/Library/Frameworks/Carbon.framework/Versions/A/Frameworks/Help.framework/Versions/A/Help
0x0000000007d60000 	/System/Library/Frameworks/Carbon.framework/Versions/A/Frameworks/ImageCapture.framework/Versions/A/ImageCapture
0x0000000007d60000 	/System/Library/Frameworks/Carbon.framework/Versions/A/Frameworks/OpenScripting.framework/Versions/A/OpenScripting
0x0000000007d60000 	/System/Library/Frameworks/Carbon.framework/Versions/A/Frameworks/Print.framework/Versions/A/Print
0x0000000007d60000 	/System/Library/Frameworks/Carbon.framework/Versions/A/Frameworks/SecurityHI.framework/Versions/A/SecurityHI
0x000000012306b000 	/Library/Java/JavaVirtualMachines/jdk1.8.0_77.jdk/Contents/Home/jre/lib/libawt.dylib
0x0000000123113000 	/Library/Java/JavaVirtualMachines/jdk1.8.0_77.jdk/Contents/Home/jre/lib/./libmlib_image.dylib
0x00000001231df000 	/Library/Java/JavaVirtualMachines/jdk1.8.0_77.jdk/Contents/Home/jre/lib/libawt_lwawt.dylib
0x0000000123294000 	/Library/Java/JavaVirtualMachines/jdk1.8.0_77.jdk/Contents/Home/jre/lib/./libosxapp.dylib
0x0000000007d60000 	/System/Library/Frameworks/ExceptionHandling.framework/Versions/A/ExceptionHandling
0x0000000007d60000 	/System/Library/PrivateFrameworks/CoreServicesInternal.framework/Versions/A/CoreServicesInternal
0x0000000007d60000 	/System/Library/Frameworks/CoreGraphics.framework/Versions/A/Resources/libRIP.A.dylib
0x0000000007d60000 	/System/Library/Frameworks/Accelerate.framework/Versions/A/Frameworks/vImage.framework/Versions/A/Libraries/libCGInterfaces.dylib
0x0000000007d60000 	/System/Library/Frameworks/CoreGraphics.framework/Versions/A/Resources/libCGXType.A.dylib
0x0000000007d60000 	/System/Library/Frameworks/OpenCL.framework/Versions/A/Libraries/libcldcpuengine.dylib
0x0000000007d60000 	/System/Library/PrivateFrameworks/DiskImages.framework/Versions/A/DiskImages
0x0000000007d60000 	/System/Library/Frameworks/DiscRecording.framework/Versions/A/DiscRecording
0x0000000007d60000 	/usr/lib/libcsfde.dylib
0x0000000007d60000 	/usr/lib/libcurl.4.dylib
0x0000000007d60000 	/System/Library/PrivateFrameworks/MediaKit.framework/Versions/A/MediaKit
0x0000000007d60000 	/System/Library/PrivateFrameworks/ProtectedCloudStorage.framework/Versions/A/ProtectedCloudStorage
0x0000000007d60000 	/usr/lib/libCoreStorage.dylib
0x0000000007d60000 	/System/Library/PrivateFrameworks/EFILogin.framework/Versions/A/EFILogin
0x0000000007d60000 	/usr/lib/libutil.dylib
0x0000000007d60000 	/System/Library/PrivateFrameworks/FindMyDevice.framework/Versions/A/FindMyDevice
0x0000000007d60000 	/System/Library/Frameworks/LDAP.framework/Versions/A/LDAP
0x0000000007d60000 	/usr/lib/libsasl2.2.dylib
0x0000000007d60000 	/System/Library/PrivateFrameworks/CoreDaemon.framework/Versions/B/CoreDaemon
0x0000000007d60000 	/usr/lib/libcrypto.0.9.8.dylib
0x0000000007d60000 	/System/Library/PrivateFrameworks/AppleSRP.framework/Versions/A/AppleSRP
0x0000000007d60000 	/System/Library/PrivateFrameworks/TrustEvaluationAgent.framework/Versions/A/TrustEvaluationAgent
0x00000001249be000 	cl_kernels
0x0000000007d60000 	/System/Library/Frameworks/OpenCL.framework/Versions/A/Libraries/ImageFormats/unorm8_bgra.dylib
0x0000000007d60000 	/System/Library/Frameworks/OpenCL.framework/Versions/A/Libraries/ImageFormats/unorm8_rgba.dylib
0x0000000007d60000 	/System/Library/PrivateFrameworks/FamilyControls.framework/Versions/A/FamilyControls
0x0000000007d60000 	/System/Library/PrivateFrameworks/CommerceKit.framework/Versions/A/Frameworks/CommerceCore.framework/Versions/A/CommerceCore
0x0000000007d60000 	/System/Library/PrivateFrameworks/SystemAdministration.framework/Versions/A/SystemAdministration
0x0000000007d60000 	/System/Library/PrivateFrameworks/AppContainer.framework/Versions/A/AppContainer
0x0000000007d60000 	/System/Library/PrivateFrameworks/SecCodeWrapper.framework/Versions/A/SecCodeWrapper
0x0000000007d60000 	/System/Library/Frameworks/DirectoryService.framework/Versions/A/DirectoryService
0x0000000007d60000 	/System/Library/PrivateFrameworks/LoginUIKit.framework/Versions/A/Frameworks/LoginUICore.framework/Versions/A/LoginUICore
0x0000000007d60000 	/usr/lib/libodfde.dylib
0x00000001259db000 	/Library/Java/JavaVirtualMachines/jdk1.8.0_77.jdk/Contents/Home/jre/lib/libfontmanager.dylib
0x0000000007d60000 	/System/Library/Frameworks/OpenGL.framework/Versions/A/Resources/GLEngine.bundle/GLEngine
0x0000000007d60000 	/System/Library/Frameworks/OpenGL.framework/Versions/A/Libraries/libGLProgrammability.dylib
0x0000000125a42000 	/System/Library/Extensions/AppleIntelHD3000GraphicsGLDriver.bundle/Contents/MacOS/AppleIntelHD3000GraphicsGLDriver
0x0000000007d60000 	/System/Library/PrivateFrameworks/GPUSupport.framework/Versions/A/Libraries/libGPUSupport.dylib
0x0000000125ee1000 	/System/Library/Extensions/AMDRadeonX3000GLDriver.bundle/Contents/MacOS/AMDRadeonX3000GLDriver
0x0000000007d60000 	/System/Library/PrivateFrameworks/GPUSupport.framework/Versions/A/Libraries/libGPUSupportMercury.dylib
0x0000000125fc0000 	/System/Library/Extensions/AMDRadeonX3000GLDriver.bundle/Contents/MacOS/ATIRadeonX3000SCLib.dylib
0x0000000007d60000 	/System/Library/Frameworks/OpenGL.framework/Versions/A/Resources/GLRendererFloat.bundle/GLRendererFloat
0x000000012628f000 	/Library/Java/JavaVirtualMachines/jdk1.8.0_77.jdk/Contents/Home/jre/lib/libosxui.dylib
0x0000000126cda000 	/Library/Java/JavaVirtualMachines/jdk1.8.0_77.jdk/Contents/Home/jre/lib/libmanagement.dylib
0x0000000124574000 	/Library/Java/JavaVirtualMachines/jdk1.8.0_77.jdk/Contents/Home/jre/lib/libjpeg.dylib

VM Arguments:
jvm_args: -Djava.library.path=/Users/student/Documents/workspace/SecondS/lib/base/core -Dfile.encoding=UTF-8 
java_command: HelloWorlds
java_class_path (initial): /Users/student/Documents/workspace/HelloWorld/bin:/Users/student/Documents/workspace/SecondS/lib/base/core/core.jar
Launcher Type: SUN_STANDARD

Environment Variables:
PATH=/usr/bin:/bin:/usr/sbin:/sbin
SHELL=/bin/bash

Signal Handlers:
SIGSEGV: [libjvm.dylib+0x5a6855], sa_mask[0]=11111111011111110111111111111111, sa_flags=SA_ONSTACK|SA_RESTART|SA_SIGINFO
SIGBUS: [libjvm.dylib+0x5a6855], sa_mask[0]=11111111011111110111111111111111, sa_flags=SA_RESTART|SA_SIGINFO
SIGFPE: [libjvm.dylib+0x4804ec], sa_mask[0]=11111111011111110111111111111111, sa_flags=SA_RESTART|SA_SIGINFO
SIGPIPE: [libjvm.dylib+0x4804ec], sa_mask[0]=11111111011111110111111111111111, sa_flags=SA_RESTART|SA_SIGINFO
SIGXFSZ: [libjvm.dylib+0x4804ec], sa_mask[0]=11111111011111110111111111111111, sa_flags=SA_RESTART|SA_SIGINFO
SIGILL: [libjvm.dylib+0x4804ec], sa_mask[0]=11111111011111110111111111111111, sa_flags=SA_RESTART|SA_SIGINFO
SIGUSR1: SIG_DFL, sa_mask[0]=00000000000000000000000000000000, sa_flags=none
SIGUSR2: [libjvm.dylib+0x48000a], sa_mask[0]=00100000000000000000000000000000, sa_flags=SA_RESTART|SA_SIGINFO
SIGHUP: [libjvm.dylib+0x47e5e1], sa_mask[0]=11111111011111110111111111111111, sa_flags=SA_RESTART|SA_SIGINFO
SIGINT: [libjvm.dylib+0x47e5e1], sa_mask[0]=11111111011111110111111111111111, sa_flags=SA_RESTART|SA_SIGINFO
SIGTERM: [libjvm.dylib+0x47e5e1], sa_mask[0]=11111111011111110111111111111111, sa_flags=SA_RESTART|SA_SIGINFO
SIGQUIT: [libjvm.dylib+0x47e5e1], sa_mask[0]=11111111011111110111111111111111, sa_flags=SA_RESTART|SA_SIGINFO


---------------  S Y S T E M  ---------------

OS:Bsduname:Darwin 15.5.0 Darwin Kernel Version 15.5.0: Tue Apr 19 18:36:36 PDT 2016; root:xnu-3248.50.21~8/RELEASE_X86_64 x86_64
rlimit: STACK 8192k, CORE 0k, NPROC 709, NOFILE 10240, AS infinity
load average:2.99 3.19 3.43

CPU:total 8 (4 cores per cpu, 2 threads per core) family 6 model 42 stepping 7, cmov, cx8, fxsr, mmx, sse, sse2, sse3, ssse3, sse4.1, sse4.2, popcnt, avx, aes, clmul, ht, tsc, tscinvbit

Memory: 4k page, physical 8388608k(81120k free)

/proc/meminfo:


vm_info: Java HotSpot(TM) 64-Bit Server VM (25.77-b03) for bsd-amd64 JRE (1.8.0_77-b03), built on Mar 20 2016 22:14:03 by "java_re" with gcc 4.2.1 (Based on Apple Inc. build 5658) (LLVM build 2336.11.00)

time: Mon Jun 27 15:56:49 2016
elapsed time: 7457 seconds (0d 2h 4m 17s)

